<?xml version="1.0" encoding="UTF-8"?>
<testsuite xmlns:xsi="http://www.w3.org/2001/XMLSchema-instance" xsi:noNamespaceSchemaLocation="https://maven.apache.org/surefire/maven-surefire-plugin/xsd/surefire-test-report-3.0.xsd" version="3.0" name="com.spring.timeSheetFides.TimesheetFidesApplicationTests" time="5.671" tests="1" errors="0" skipped="0" failures="0">
  <properties>
[...]
</properties>
  <testcase name="contextLoads" classname="com.spring.timeSheetFides.TimesheetFidesApplicationTests" time="0.527">
    <system-out><![CDATA[16:33:44.732 [main] INFO org.springframework.test.context.support.AnnotationConfigContextLoaderUtils -- Could not detect default configuration classes for test class [com.spring.timeSheetFides.TimesheetFidesApplicationTests]: TimesheetFidesApplicationTests does not declare any static, non-private, non-final, nested classes annotated with @Configuration.
16:33:45.034 [main] INFO org.springframework.boot.test.context.SpringBootTestContextBootstrapper -- Found @SpringBootConfiguration com.spring.timeSheetFides.TimesheetFidesApplication for test class com.spring.timeSheetFides.TimesheetFidesApplicationTests
16:33:45.451 [main] INFO org.springframework.boot.devtools.restart.RestartApplicationListener -- Restart disabled due to context in which it is running

  .   ____          _            __ _ _
 /\\ / ___'_ __ _ _(_)_ __  __ _ \ \ \ \
( ( )\___ | '_ | '_| | '_ \/ _` | \ \ \ \
 \\/  ___)| |_)| | | | | || (_| |  ) ) ) )
  '  |____| .__|_| |_|_| |_\__, | / / / /
 =========|_|==============|___/=/_/_/_/
 :: Spring Boot ::                (v3.2.3)

2024-03-08T16:33:45.817+01:00  INFO 11596 --- [           main] c.s.t.TimesheetFidesApplicationTests     : Starting TimesheetFidesApplicationTests using Java 17.0.10 with PID 11596 (started by User in C:\Users\User\Desktop\Workspace\timeSheetFides)
2024-03-08T16:33:45.818+01:00  INFO 11596 --- [           main] c.s.t.TimesheetFidesApplicationTests     : No active profile set, falling back to 1 default profile: "default"
2024-03-08T16:33:46.626+01:00  INFO 11596 --- [           main] .s.d.r.c.RepositoryConfigurationDelegate : Multiple Spring Data modules found, entering strict repository configuration mode
2024-03-08T16:33:46.628+01:00  INFO 11596 --- [           main] .s.d.r.c.RepositoryConfigurationDelegate : Bootstrapping Spring Data JDBC repositories in DEFAULT mode.
2024-03-08T16:33:46.647+01:00  INFO 11596 --- [           main] .s.d.r.c.RepositoryConfigurationDelegate : Finished Spring Data repository scanning in 14 ms. Found 0 JDBC repository interfaces.
2024-03-08T16:33:46.658+01:00  INFO 11596 --- [           main] .s.d.r.c.RepositoryConfigurationDelegate : Multiple Spring Data modules found, entering strict repository configuration mode
2024-03-08T16:33:46.659+01:00  INFO 11596 --- [           main] .s.d.r.c.RepositoryConfigurationDelegate : Bootstrapping Spring Data JPA repositories in DEFAULT mode.
2024-03-08T16:33:46.665+01:00  INFO 11596 --- [           main] .s.d.r.c.RepositoryConfigurationDelegate : Finished Spring Data repository scanning in 2 ms. Found 0 JPA repository interfaces.
2024-03-08T16:33:47.081+01:00  INFO 11596 --- [           main] o.hibernate.jpa.internal.util.LogHelper  : HHH000204: Processing PersistenceUnitInfo [name: default]
2024-03-08T16:33:47.152+01:00  INFO 11596 --- [           main] org.hibernate.Version                    : HHH000412: Hibernate ORM core version 6.4.4.Final
2024-03-08T16:33:47.196+01:00  INFO 11596 --- [           main] o.h.c.internal.RegionFactoryInitiator    : HHH000026: Second-level cache disabled
2024-03-08T16:33:47.429+01:00  INFO 11596 --- [           main] o.s.o.j.p.SpringPersistenceUnitInfo      : No LoadTimeWeaver setup: ignoring JPA class transformer
2024-03-08T16:33:47.462+01:00  INFO 11596 --- [           main] com.zaxxer.hikari.HikariDataSource       : HikariPool-1 - Starting...
2024-03-08T16:33:47.723+01:00  INFO 11596 --- [           main] com.zaxxer.hikari.pool.HikariPool        : HikariPool-1 - Added connection com.mysql.cj.jdbc.ConnectionImpl@699d96bc
2024-03-08T16:33:47.725+01:00  INFO 11596 --- [           main] com.zaxxer.hikari.HikariDataSource       : HikariPool-1 - Start completed.
2024-03-08T16:33:48.532+01:00  INFO 11596 --- [           main] o.h.e.t.j.p.i.JtaPlatformInitiator       : HHH000489: No JTA platform available (set 'hibernate.transaction.jta.platform' to enable JTA platform integration)
2024-03-08T16:33:48.593+01:00  INFO 11596 --- [           main] j.LocalContainerEntityManagerFactoryBean : Initialized JPA EntityManagerFactory for persistence unit 'default'
2024-03-08T16:33:48.728+01:00  WARN 11596 --- [           main] JpaBaseConfiguration$JpaWebConfiguration : spring.jpa.open-in-view is enabled by default. Therefore, database queries may be performed during view rendering. Explicitly configure spring.jpa.open-in-view to disable this warning
2024-03-08T16:33:49.072+01:00  WARN 11596 --- [           main] ion$DefaultTemplateResolverConfiguration : Cannot find template location: classpath:/templates/ (please add some templates, check your Thymeleaf configuration, or set spring.thymeleaf.check-template-location=false)
2024-03-08T16:33:49.457+01:00  INFO 11596 --- [           main] o.s.s.web.DefaultSecurityFilterChain     : Will secure any request with [org.springframework.security.web.session.DisableEncodeUrlFilter@37a36194, org.springframework.security.web.context.request.async.WebAsyncManagerIntegrationFilter@1d0acb8f, org.springframework.security.web.context.SecurityContextHolderFilter@2723b0d0, org.springframework.security.web.header.HeaderWriterFilter@15ae31b, org.springframework.web.filter.CorsFilter@6abaa14b, org.springframework.security.web.csrf.CsrfFilter@726dd367, org.springframework.security.web.authentication.logout.LogoutFilter@255482cb, org.springframework.security.web.authentication.UsernamePasswordAuthenticationFilter@73158d35, org.springframework.security.web.authentication.ui.DefaultLoginPageGeneratingFilter@192b76a4, org.springframework.security.web.authentication.ui.DefaultLogoutPageGeneratingFilter@3b60be3, org.springframework.security.web.authentication.www.BasicAuthenticationFilter@6779af40, org.springframework.security.web.savedrequest.RequestCacheAwareFilter@47d0195b, org.springframework.security.web.servletapi.SecurityContextHolderAwareRequestFilter@6de2344a, org.springframework.security.web.authentication.AnonymousAuthenticationFilter@2f3565c0, org.springframework.security.web.access.ExceptionTranslationFilter@463746eb, org.springframework.security.web.access.intercept.AuthorizationFilter@7b6b8cea]
2024-03-08T16:33:49.520+01:00  INFO 11596 --- [           main] c.s.t.TimesheetFidesApplicationTests     : Started TimesheetFidesApplicationTests in 4.087 seconds (process running for 5.672)
]]></system-out>
  </testcase>
</testsuite>